\BOOKMARK [1][-]{section.1}{\376\377\000A\000b\000s\000t\000r\000a\000c\000t}{}% 1
\BOOKMARK [1][-]{section.2}{\376\377\000I\000n\000t\000r\000o\000d\000u\000c\000t\000i\000o\000n}{}% 2
\BOOKMARK [1][-]{section.3}{\376\377\000S\000c\000o\000p\000e\000\040\000a\000n\000d\000\040\000C\000o\000n\000c\000e\000p\000t\000s}{}% 3
\BOOKMARK [1][-]{section.4}{\376\377\000S\000c\000h\000e\000d\000u\000l\000i\000n\000g\000\040\000A\000l\000g\000o\000r\000i\000t\000h\000m\000s\000\040\000A\000d\000a\000p\000t\000e\000d}{}% 4
\BOOKMARK [2][-]{subsection.4.1}{\376\377\000S\000m\000a\000l\000l\000e\000s\000t\000\040\000R\000e\000m\000a\000i\000n\000i\000n\000g\000\040\000F\000i\000r\000s\000t\000\040\000\050\000S\000R\000F\000\051}{section.4}% 5
\BOOKMARK [2][-]{subsection.4.2}{\376\377\000E\000a\000r\000l\000i\000e\000s\000t\000\040\000D\000u\000e\000\040\000D\000a\000t\000e\000\040\000P\000r\000i\000o\000r\000i\000t\000y\000\040\000\050\000P\000R\000\051}{section.4}% 6
\BOOKMARK [2][-]{subsection.4.3}{\376\377\000S\000m\000a\000l\000l\000e\000s\000t\000\040\000G\000l\000o\000b\000a\000l\000\040\000W\000a\000s\000t\000e\000\040\000\050\000S\000G\000W\000\051}{section.4}% 7
\BOOKMARK [1][-]{section.5}{\376\377\000D\000e\000s\000i\000g\000n\000\040\000a\000n\000d\000\040\000I\000m\000p\000l\000e\000m\000e\000n\000t\000a\000t\000i\000o\000n}{}% 8
\BOOKMARK [2][-]{subsection.5.1}{\376\377\000O\000b\000j\000e\000c\000t\000-\000O\000r\000i\000e\000n\000t\000e\000d\000\040\000D\000e\000s\000i\000g\000n}{section.5}% 9
\BOOKMARK [2][-]{subsection.5.2}{\376\377\000D\000a\000t\000a\000\040\000S\000t\000r\000u\000c\000t\000u\000r\000e\000s}{section.5}% 10
\BOOKMARK [2][-]{subsection.5.3}{\376\377\000S\000y\000s\000t\000e\000m\000\040\000S\000t\000r\000u\000c\000t\000u\000r\000e\000\040\000a\000n\000d\000\040\000P\000r\000o\000c\000e\000s\000s\000\040\000M\000a\000n\000a\000g\000e\000m\000e\000n\000t}{section.5}% 11
\BOOKMARK [2][-]{subsection.5.4}{\376\377\000I\000n\000t\000e\000r\000-\000P\000r\000o\000c\000e\000s\000s\000\040\000C\000o\000m\000m\000u\000n\000i\000c\000a\000t\000i\000o\000n}{section.5}% 12
\BOOKMARK [2][-]{subsection.5.5}{\376\377\000I\000n\000p\000u\000t\000\040\000a\000n\000d\000\040\000O\000u\000t\000p\000u\000t\000\040\000H\000a\000n\000d\000l\000i\000n\000g}{section.5}% 13
\BOOKMARK [1][-]{section.6}{\376\377\000T\000e\000s\000t\000i\000n\000g}{}% 14
\BOOKMARK [1][-]{section.7}{\376\377\000P\000e\000r\000f\000o\000r\000m\000a\000n\000c\000e\000\040\000A\000n\000a\000l\000y\000s\000i\000s}{}% 15
\BOOKMARK [1][-]{section.8}{\376\377\000P\000r\000o\000g\000r\000a\000m\000\040\000C\000o\000n\000f\000i\000g\000u\000r\000a\000t\000i\000o\000n\000\040\000a\000n\000d\000\040\000E\000x\000e\000c\000u\000t\000i\000o\000n}{}% 16
\BOOKMARK [1][-]{section.9}{\376\377\000R\000e\000s\000u\000l\000t\000s\000\040\000D\000i\000s\000c\000u\000s\000s\000i\000o\000n}{}% 17
\BOOKMARK [1][-]{section.10}{\376\377\000C\000o\000n\000c\000l\000u\000s\000i\000o\000n}{}% 18
\BOOKMARK [1][-]{section.11}{\376\377\000M\000i\000s\000c\000e\000l\000l\000a\000n\000e\000o\000u\000s}{}% 19
\BOOKMARK [1][-]{section.12}{\376\377\000I\000n\000n\000o\000v\000a\000t\000i\000o\000n\000\040\000H\000i\000g\000h\000l\000i\000g\000h\000t\000s}{}% 20
\BOOKMARK [1][-]{section.13}{\376\377\000A\000p\000p\000e\000n\000d\000i\000x}{}% 21
